1763221841.417137 client started (8233): version 3.5a, socket /tmp/tmux-1000/default, protocol 8
1763221841.417161 on Linux 6.17.7-arch1-2 #1 SMP PREEMPT_DYNAMIC Wed, 12 Nov 2025 14:41:18 +0000
1763221841.417164 using libevent 2.1.12-stable poll
1763221841.417167 using ncurses 6.5 20240427
1763221841.417178 flags are 0x10010000
1763221841.417184 socket is /tmp/tmux-1000/default
1763221841.417191 trying connect
1763221841.417231 add peer 0x556ddbbae8c0: 6 ((nil))
1763221841.417388 sending message 111 to peer 0x556ddbbae8c0 (8 bytes)
1763221841.417393 sending message 111 to peer 0x556ddbbae8c0 (8 bytes)
1763221841.417395 sending message 101 to peer 0x556ddbbae8c0 (14 bytes)
1763221841.417397 sending message 109 to peer 0x556ddbbae8c0 (4 bytes)
1763221841.417399 sending message 102 to peer 0x556ddbbae8c0 (11 bytes)
1763221841.417402 sending message 108 to peer 0x556ddbbae8c0 (32 bytes)
1763221841.417404 sending message 112 to peer 0x556ddbbae8c0 (70 bytes)
1763221841.417406 sending message 112 to peer 0x556ddbbae8c0 (5 bytes)
1763221841.417408 sending message 112 to peer 0x556ddbbae8c0 (5 bytes)
1763221841.417410 sending message 112 to peer 0x556ddbbae8c0 (6 bytes)
1763221841.417412 sending message 112 to peer 0x556ddbbae8c0 (6 bytes)
1763221841.417414 sending message 112 to peer 0x556ddbbae8c0 (11 bytes)
1763221841.417416 sending message 112 to peer 0x556ddbbae8c0 (10 bytes)
1763221841.417418 sending message 112 to peer 0x556ddbbae8c0 (13 bytes)
1763221841.417420 sending message 112 to peer 0x556ddbbae8c0 (13 bytes)
1763221841.417422 sending message 112 to peer 0x556ddbbae8c0 (18 bytes)
1763221841.417425 sending message 112 to peer 0x556ddbbae8c0 (11 bytes)
1763221841.417427 sending message 112 to peer 0x556ddbbae8c0 (10 bytes)
1763221841.417429 sending message 112 to peer 0x556ddbbae8c0 (15 bytes)
1763221841.417431 sending message 112 to peer 0x556ddbbae8c0 (21 bytes)
1763221841.417433 sending message 112 to peer 0x556ddbbae8c0 (13 bytes)
1763221841.417435 sending message 112 to peer 0x556ddbbae8c0 (7 bytes)
1763221841.417437 sending message 112 to peer 0x556ddbbae8c0 (13 bytes)
1763221841.417439 sending message 112 to peer 0x556ddbbae8c0 (7 bytes)
1763221841.417441 sending message 112 to peer 0x556ddbbae8c0 (13 bytes)
1763221841.417443 sending message 112 to peer 0x556ddbbae8c0 (9 bytes)
1763221841.417446 sending message 112 to peer 0x556ddbbae8c0 (21 bytes)
1763221841.417448 sending message 112 to peer 0x556ddbbae8c0 (13 bytes)
1763221841.417450 sending message 112 to peer 0x556ddbbae8c0 (8 bytes)
1763221841.417452 sending message 112 to peer 0x556ddbbae8c0 (12 bytes)
1763221841.417454 sending message 112 to peer 0x556ddbbae8c0 (13 bytes)
1763221841.417456 sending message 112 to peer 0x556ddbbae8c0 (9 bytes)
1763221841.417458 sending message 112 to peer 0x556ddbbae8c0 (9 bytes)
1763221841.417460 sending message 112 to peer 0x556ddbbae8c0 (12 bytes)
1763221841.417462 sending message 112 to peer 0x556ddbbae8c0 (8 bytes)
1763221841.417464 sending message 112 to peer 0x556ddbbae8c0 (8 bytes)
1763221841.417466 sending message 112 to peer 0x556ddbbae8c0 (7 bytes)
1763221841.417468 sending message 112 to peer 0x556ddbbae8c0 (7 bytes)
1763221841.417471 sending message 112 to peer 0x556ddbbae8c0 (9 bytes)
1763221841.417473 sending message 112 to peer 0x556ddbbae8c0 (13 bytes)
1763221841.417475 sending message 112 to peer 0x556ddbbae8c0 (6 bytes)
1763221841.417477 sending message 112 to peer 0x556ddbbae8c0 (9 bytes)
1763221841.417479 sending message 112 to peer 0x556ddbbae8c0 (15 bytes)
1763221841.417481 sending message 112 to peer 0x556ddbbae8c0 (13 bytes)
1763221841.417483 sending message 112 to peer 0x556ddbbae8c0 (12 bytes)
1763221841.417485 sending message 112 to peer 0x556ddbbae8c0 (8 bytes)
1763221841.417487 sending message 112 to peer 0x556ddbbae8c0 (14 bytes)
1763221841.417489 sending message 112 to peer 0x556ddbbae8c0 (11 bytes)
1763221841.417493 sending message 112 to peer 0x556ddbbae8c0 (9 bytes)
1763221841.417495 sending message 112 to peer 0x556ddbbae8c0 (10 bytes)
1763221841.417497 sending message 112 to peer 0x556ddbbae8c0 (10 bytes)
1763221841.417503 sending message 112 to peer 0x556ddbbae8c0 (10 bytes)
1763221841.417505 sending message 112 to peer 0x556ddbbae8c0 (10 bytes)
1763221841.417507 sending message 112 to peer 0x556ddbbae8c0 (11 bytes)
1763221841.417510 sending message 112 to peer 0x556ddbbae8c0 (12 bytes)
1763221841.417512 sending message 112 to peer 0x556ddbbae8c0 (12 bytes)
1763221841.417514 sending message 112 to peer 0x556ddbbae8c0 (12 bytes)
1763221841.417516 sending message 112 to peer 0x556ddbbae8c0 (12 bytes)
1763221841.417518 sending message 112 to peer 0x556ddbbae8c0 (12 bytes)
1763221841.417522 sending message 112 to peer 0x556ddbbae8c0 (11 bytes)
1763221841.417524 sending message 112 to peer 0x556ddbbae8c0 (11 bytes)
1763221841.417526 sending message 112 to peer 0x556ddbbae8c0 (12 bytes)
1763221841.417528 sending message 112 to peer 0x556ddbbae8c0 (12 bytes)
1763221841.417532 sending message 112 to peer 0x556ddbbae8c0 (12 bytes)
1763221841.417534 sending message 112 to peer 0x556ddbbae8c0 (12 bytes)
1763221841.417536 sending message 112 to peer 0x556ddbbae8c0 (12 bytes)
1763221841.417538 sending message 112 to peer 0x556ddbbae8c0 (10 bytes)
1763221841.417540 sending message 112 to peer 0x556ddbbae8c0 (12 bytes)
1763221841.417542 sending message 112 to peer 0x556ddbbae8c0 (13 bytes)
1763221841.417545 sending message 112 to peer 0x556ddbbae8c0 (13 bytes)
1763221841.417547 sending message 112 to peer 0x556ddbbae8c0 (13 bytes)
1763221841.417551 sending message 112 to peer 0x556ddbbae8c0 (13 bytes)
1763221841.417553 sending message 112 to peer 0x556ddbbae8c0 (13 bytes)
1763221841.417555 sending message 112 to peer 0x556ddbbae8c0 (8 bytes)
1763221841.417557 sending message 112 to peer 0x556ddbbae8c0 (11 bytes)
1763221841.417560 sending message 112 to peer 0x556ddbbae8c0 (11 bytes)
1763221841.417562 sending message 112 to peer 0x556ddbbae8c0 (11 bytes)
1763221841.417564 sending message 112 to peer 0x556ddbbae8c0 (12 bytes)
1763221841.417566 sending message 112 to peer 0x556ddbbae8c0 (12 bytes)
1763221841.417570 sending message 112 to peer 0x556ddbbae8c0 (12 bytes)
1763221841.417572 sending message 112 to peer 0x556ddbbae8c0 (12 bytes)
1763221841.417575 sending message 112 to peer 0x556ddbbae8c0 (13 bytes)
1763221841.417577 sending message 112 to peer 0x556ddbbae8c0 (13 bytes)
1763221841.417580 sending message 112 to peer 0x556ddbbae8c0 (13 bytes)
1763221841.417582 sending message 112 to peer 0x556ddbbae8c0 (8 bytes)
1763221841.417584 sending message 112 to peer 0x556ddbbae8c0 (13 bytes)
1763221841.417586 sending message 112 to peer 0x556ddbbae8c0 (13 bytes)
1763221841.417588 sending message 112 to peer 0x556ddbbae8c0 (13 bytes)
1763221841.417591 sending message 112 to peer 0x556ddbbae8c0 (13 bytes)
1763221841.417593 sending message 112 to peer 0x556ddbbae8c0 (13 bytes)
1763221841.417595 sending message 112 to peer 0x556ddbbae8c0 (12 bytes)
1763221841.417597 sending message 112 to peer 0x556ddbbae8c0 (12 bytes)
1763221841.417599 sending message 112 to peer 0x556ddbbae8c0 (12 bytes)
1763221841.417601 sending message 112 to peer 0x556ddbbae8c0 (12 bytes)
1763221841.417603 sending message 112 to peer 0x556ddbbae8c0 (13 bytes)
1763221841.417605 sending message 112 to peer 0x556ddbbae8c0 (8 bytes)
1763221841.417607 sending message 112 to peer 0x556ddbbae8c0 (13 bytes)
1763221841.417609 sending message 112 to peer 0x556ddbbae8c0 (13 bytes)
1763221841.417611 sending message 112 to peer 0x556ddbbae8c0 (13 bytes)
1763221841.417613 sending message 112 to peer 0x556ddbbae8c0 (13 bytes)
1763221841.417616 sending message 112 to peer 0x556ddbbae8c0 (13 bytes)
1763221841.417618 sending message 112 to peer 0x556ddbbae8c0 (13 bytes)
1763221841.417620 sending message 112 to peer 0x556ddbbae8c0 (13 bytes)
1763221841.417622 sending message 112 to peer 0x556ddbbae8c0 (12 bytes)
1763221841.417624 sending message 112 to peer 0x556ddbbae8c0 (12 bytes)
1763221841.417626 sending message 112 to peer 0x556ddbbae8c0 (12 bytes)
1763221841.417628 sending message 112 to peer 0x556ddbbae8c0 (8 bytes)
1763221841.417630 sending message 112 to peer 0x556ddbbae8c0 (12 bytes)
1763221841.417635 sending message 112 to peer 0x556ddbbae8c0 (13 bytes)
1763221841.417637 sending message 112 to peer 0x556ddbbae8c0 (13 bytes)
1763221841.417639 sending message 112 to peer 0x556ddbbae8c0 (13 bytes)
1763221841.417641 sending message 112 to peer 0x556ddbbae8c0 (13 bytes)
1763221841.417643 sending message 112 to peer 0x556ddbbae8c0 (13 bytes)
1763221841.417645 sending message 112 to peer 0x556ddbbae8c0 (13 bytes)
1763221841.417647 sending message 112 to peer 0x556ddbbae8c0 (13 bytes)
1763221841.417649 sending message 112 to peer 0x556ddbbae8c0 (13 bytes)
1763221841.417651 sending message 112 to peer 0x556ddbbae8c0 (12 bytes)
1763221841.417655 sending message 112 to peer 0x556ddbbae8c0 (10 bytes)
1763221841.417657 sending message 112 to peer 0x556ddbbae8c0 (12 bytes)
1763221841.417659 sending message 112 to peer 0x556ddbbae8c0 (12 bytes)
1763221841.417661 sending message 112 to peer 0x556ddbbae8c0 (12 bytes)
1763221841.417663 sending message 112 to peer 0x556ddbbae8c0 (13 bytes)
1763221841.417665 sending message 112 to peer 0x556ddbbae8c0 (13 bytes)
1763221841.417667 sending message 112 to peer 0x556ddbbae8c0 (13 bytes)
1763221841.417669 sending message 112 to peer 0x556ddbbae8c0 (13 bytes)
1763221841.417671 sending message 112 to peer 0x556ddbbae8c0 (13 bytes)
1763221841.417673 sending message 112 to peer 0x556ddbbae8c0 (13 bytes)
1763221841.417675 sending message 112 to peer 0x556ddbbae8c0 (13 bytes)
1763221841.417677 sending message 112 to peer 0x556ddbbae8c0 (10 bytes)
1763221841.417679 sending message 112 to peer 0x556ddbbae8c0 (13 bytes)
1763221841.417681 sending message 112 to peer 0x556ddbbae8c0 (12 bytes)
1763221841.417683 sending message 112 to peer 0x556ddbbae8c0 (12 bytes)
1763221841.417685 sending message 112 to peer 0x556ddbbae8c0 (12 bytes)
1763221841.417687 sending message 112 to peer 0x556ddbbae8c0 (10 bytes)
1763221841.417689 sending message 112 to peer 0x556ddbbae8c0 (10 bytes)
1763221841.417691 sending message 112 to peer 0x556ddbbae8c0 (10 bytes)
1763221841.417693 sending message 112 to peer 0x556ddbbae8c0 (12 bytes)
1763221841.417695 sending message 112 to peer 0x556ddbbae8c0 (13 bytes)
1763221841.417697 sending message 112 to peer 0x556ddbbae8c0 (13 bytes)
1763221841.417699 sending message 112 to peer 0x556ddbbae8c0 (13 bytes)
1763221841.417701 sending message 112 to peer 0x556ddbbae8c0 (13 bytes)
1763221841.417703 sending message 112 to peer 0x556ddbbae8c0 (13 bytes)
1763221841.417705 sending message 112 to peer 0x556ddbbae8c0 (11 bytes)
1763221841.417707 sending message 112 to peer 0x556ddbbae8c0 (11 bytes)
1763221841.417709 sending message 112 to peer 0x556ddbbae8c0 (12 bytes)
1763221841.417711 sending message 112 to peer 0x556ddbbae8c0 (12 bytes)
1763221841.417714 sending message 112 to peer 0x556ddbbae8c0 (12 bytes)
1763221841.417716 sending message 112 to peer 0x556ddbbae8c0 (12 bytes)
1763221841.417718 sending message 112 to peer 0x556ddbbae8c0 (12 bytes)
1763221841.417720 sending message 112 to peer 0x556ddbbae8c0 (11 bytes)
1763221841.417722 sending message 112 to peer 0x556ddbbae8c0 (12 bytes)
1763221841.417724 sending message 112 to peer 0x556ddbbae8c0 (12 bytes)
1763221841.417728 sending message 112 to peer 0x556ddbbae8c0 (13 bytes)
1763221841.417730 sending message 112 to peer 0x556ddbbae8c0 (13 bytes)
1763221841.417732 sending message 112 to peer 0x556ddbbae8c0 (13 bytes)
1763221841.417734 sending message 112 to peer 0x556ddbbae8c0 (13 bytes)
1763221841.417736 sending message 112 to peer 0x556ddbbae8c0 (13 bytes)
1763221841.417738 sending message 112 to peer 0x556ddbbae8c0 (10 bytes)
1763221841.417740 sending message 112 to peer 0x556ddbbae8c0 (9 bytes)
1763221841.417742 sending message 112 to peer 0x556ddbbae8c0 (12 bytes)
1763221841.417744 sending message 112 to peer 0x556ddbbae8c0 (13 bytes)
1763221841.417746 sending message 112 to peer 0x556ddbbae8c0 (13 bytes)
1763221841.417748 sending message 112 to peer 0x556ddbbae8c0 (13 bytes)
1763221841.417750 sending message 112 to peer 0x556ddbbae8c0 (13 bytes)
1763221841.417752 sending message 112 to peer 0x556ddbbae8c0 (13 bytes)
1763221841.417757 sending message 112 to peer 0x556ddbbae8c0 (9 bytes)
1763221841.417759 sending message 112 to peer 0x556ddbbae8c0 (12 bytes)
1763221841.417761 sending message 112 to peer 0x556ddbbae8c0 (13 bytes)
1763221841.417763 sending message 112 to peer 0x556ddbbae8c0 (13 bytes)
1763221841.417765 sending message 112 to peer 0x556ddbbae8c0 (13 bytes)
1763221841.417767 sending message 112 to peer 0x556ddbbae8c0 (13 bytes)
1763221841.417769 sending message 112 to peer 0x556ddbbae8c0 (13 bytes)
1763221841.417771 sending message 112 to peer 0x556ddbbae8c0 (11 bytes)
1763221841.417773 sending message 112 to peer 0x556ddbbae8c0 (12 bytes)
1763221841.417775 sending message 112 to peer 0x556ddbbae8c0 (13 bytes)
1763221841.417777 sending message 112 to peer 0x556ddbbae8c0 (13 bytes)
1763221841.417779 sending message 112 to peer 0x556ddbbae8c0 (13 bytes)
1763221841.417781 sending message 112 to peer 0x556ddbbae8c0 (13 bytes)
1763221841.417783 sending message 112 to peer 0x556ddbbae8c0 (13 bytes)
1763221841.417785 sending message 112 to peer 0x556ddbbae8c0 (11 bytes)
1763221841.417787 sending message 112 to peer 0x556ddbbae8c0 (12 bytes)
1763221841.417790 sending message 112 to peer 0x556ddbbae8c0 (12 bytes)
1763221841.417792 sending message 112 to peer 0x556ddbbae8c0 (12 bytes)
1763221841.417794 sending message 112 to peer 0x556ddbbae8c0 (12 bytes)
1763221841.417796 sending message 112 to peer 0x556ddbbae8c0 (12 bytes)
1763221841.417798 sending message 112 to peer 0x556ddbbae8c0 (21 bytes)
1763221841.417802 sending message 112 to peer 0x556ddbbae8c0 (12 bytes)
1763221841.417804 sending message 112 to peer 0x556ddbbae8c0 (9 bytes)
1763221841.417806 sending message 112 to peer 0x556ddbbae8c0 (6 bytes)
1763221841.417808 sending message 112 to peer 0x556ddbbae8c0 (13 bytes)
1763221841.417810 sending message 112 to peer 0x556ddbbae8c0 (8 bytes)
1763221841.417812 sending message 112 to peer 0x556ddbbae8c0 (15 bytes)
1763221841.417817 sending message 112 to peer 0x556ddbbae8c0 (13 bytes)
1763221841.417819 sending message 112 to peer 0x556ddbbae8c0 (9 bytes)
1763221841.417821 sending message 112 to peer 0x556ddbbae8c0 (70 bytes)
1763221841.417823 sending message 112 to peer 0x556ddbbae8c0 (69 bytes)
1763221841.417825 sending message 112 to peer 0x556ddbbae8c0 (10 bytes)
1763221841.417827 sending message 112 to peer 0x556ddbbae8c0 (10 bytes)
1763221841.417830 sending message 112 to peer 0x556ddbbae8c0 (8 bytes)
1763221841.417832 sending message 112 to peer 0x556ddbbae8c0 (15 bytes)
1763221841.417834 sending message 112 to peer 0x556ddbbae8c0 (13 bytes)
1763221841.417836 sending message 112 to peer 0x556ddbbae8c0 (10 bytes)
1763221841.417838 sending message 112 to peer 0x556ddbbae8c0 (10 bytes)
1763221841.417840 sending message 112 to peer 0x556ddbbae8c0 (17 bytes)
1763221841.417842 sending message 112 to peer 0x556ddbbae8c0 (10 bytes)
1763221841.417844 sending message 112 to peer 0x556ddbbae8c0 (13 bytes)
1763221841.417847 sending message 112 to peer 0x556ddbbae8c0 (9 bytes)
1763221841.417849 sending message 112 to peer 0x556ddbbae8c0 (5 bytes)
1763221841.417851 sending message 112 to peer 0x556ddbbae8c0 (15 bytes)
1763221841.417853 sending message 104 to peer 0x556ddbbae8c0 (0 bytes)
1763221841.417856 sending message 110 to peer 0x556ddbbae8c0 (0 bytes)
1763221841.417858 sending message 107 to peer 0x556ddbbae8c0 (4 bytes)
1763221841.417860 sending message 105 to peer 0x556ddbbae8c0 (40 bytes)
1763221841.417862 sending message 105 to peer 0x556ddbbae8c0 (20 bytes)
1763221841.417865 sending message 105 to peer 0x556ddbbae8c0 (54 bytes)
1763221841.417867 sending message 105 to peer 0x556ddbbae8c0 (50 bytes)
1763221841.417869 sending message 105 to peer 0x556ddbbae8c0 (11 bytes)
1763221841.417871 sending message 105 to peer 0x556ddbbae8c0 (25 bytes)
1763221841.417874 sending message 105 to peer 0x556ddbbae8c0 (41 bytes)
1763221841.417877 sending message 105 to peer 0x556ddbbae8c0 (41 bytes)
1763221841.417879 sending message 105 to peer 0x556ddbbae8c0 (44 bytes)
1763221841.417881 sending message 105 to peer 0x556ddbbae8c0 (21 bytes)
1763221841.417886 sending message 105 to peer 0x556ddbbae8c0 (18 bytes)
1763221841.417888 sending message 105 to peer 0x556ddbbae8c0 (32 bytes)
1763221841.417890 sending message 105 to peer 0x556ddbbae8c0 (1917 bytes)
1763221841.417897 sending message 105 to peer 0x556ddbbae8c0 (31 bytes)
1763221841.417899 sending message 105 to peer 0x556ddbbae8c0 (15 bytes)
1763221841.417902 sending message 105 to peer 0x556ddbbae8c0 (19 bytes)
1763221841.417904 sending message 105 to peer 0x556ddbbae8c0 (125 bytes)
1763221841.417906 sending message 105 to peer 0x556ddbbae8c0 (51 bytes)
1763221841.417908 sending message 105 to peer 0x556ddbbae8c0 (15 bytes)
1763221841.417910 sending message 105 to peer 0x556ddbbae8c0 (51 bytes)
1763221841.417912 sending message 105 to peer 0x556ddbbae8c0 (56 bytes)
1763221841.417914 sending message 105 to peer 0x556ddbbae8c0 (16 bytes)
1763221841.417916 sending message 105 to peer 0x556ddbbae8c0 (29 bytes)
1763221841.417919 sending message 105 to peer 0x556ddbbae8c0 (65 bytes)
1763221841.417921 sending message 105 to peer 0x556ddbbae8c0 (23 bytes)
1763221841.417923 sending message 105 to peer 0x556ddbbae8c0 (11 bytes)
1763221841.417925 sending message 105 to peer 0x556ddbbae8c0 (301 bytes)
1763221841.417927 sending message 105 to peer 0x556ddbbae8c0 (36 bytes)
1763221841.417929 sending message 105 to peer 0x556ddbbae8c0 (19 bytes)
1763221841.417931 sending message 105 to peer 0x556ddbbae8c0 (8 bytes)
1763221841.417933 sending message 105 to peer 0x556ddbbae8c0 (38 bytes)
1763221841.417935 sending message 105 to peer 0x556ddbbae8c0 (19 bytes)
1763221841.417937 sending message 105 to peer 0x556ddbbae8c0 (21 bytes)
1763221841.417940 sending message 105 to peer 0x556ddbbae8c0 (19 bytes)
1763221841.417942 sending message 105 to peer 0x556ddbbae8c0 (29 bytes)
1763221841.417944 sending message 105 to peer 0x556ddbbae8c0 (18 bytes)
1763221841.417946 sending message 105 to peer 0x556ddbbae8c0 (26 bytes)
1763221841.417948 sending message 105 to peer 0x556ddbbae8c0 (35 bytes)
1763221841.417950 sending message 105 to peer 0x556ddbbae8c0 (13 bytes)
1763221841.417952 sending message 105 to peer 0x556ddbbae8c0 (15 bytes)
1763221841.417954 sending message 105 to peer 0x556ddbbae8c0 (26 bytes)
1763221841.417956 sending message 105 to peer 0x556ddbbae8c0 (16 bytes)
1763221841.417958 sending message 105 to peer 0x556ddbbae8c0 (22 bytes)
1763221841.417960 sending message 105 to peer 0x556ddbbae8c0 (25 bytes)
1763221841.417962 sending message 105 to peer 0x556ddbbae8c0 (126 bytes)
1763221841.417965 sending message 105 to peer 0x556ddbbae8c0 (31 bytes)
1763221841.417967 sending message 105 to peer 0x556ddbbae8c0 (15 bytes)
1763221841.417969 sending message 105 to peer 0x556ddbbae8c0 (23 bytes)
1763221841.417971 sending message 105 to peer 0x556ddbbae8c0 (25 bytes)
1763221841.417973 sending message 105 to peer 0x556ddbbae8c0 (18 bytes)
1763221841.417975 sending message 105 to peer 0x556ddbbae8c0 (25 bytes)
1763221841.417977 sending message 105 to peer 0x556ddbbae8c0 (11 bytes)
1763221841.417979 sending message 105 to peer 0x556ddbbae8c0 (31 bytes)
1763221841.417981 sending message 105 to peer 0x556ddbbae8c0 (17 bytes)
1763221841.417983 sending message 105 to peer 0x556ddbbae8c0 (17 bytes)
1763221841.417985 sending message 106 to peer 0x556ddbbae8c0 (0 bytes)
1763221841.418011 sending message 200 to peer 0x556ddbbae8c0 (4 bytes)
1763221841.418014 client loop enter
1763221841.418249 peer 0x556ddbbae8c0 message 303
1763221841.418257 open write file 2 -
1763221841.418263 sending message 305 to peer 0x556ddbbae8c0 (8 bytes)
1763221841.418268 write check file 2
1763221841.418341 peer 0x556ddbbae8c0 message 304
1763221841.418345 write 58 to file 2
1763221841.418348 peer 0x556ddbbae8c0 message 203
1763221841.418350 file 2 58 bytes left
1763221841.418357 write check file 2
1763221841.418360 client loop exit
